[debug] [2021-01-15T12:41:41.282Z] ----------------------------------------------------------------------
[debug] [2021-01-15T12:41:41.284Z] Command:       /usr/local/bin/node /usr/local/bin/firebase deploy
[debug] [2021-01-15T12:41:41.285Z] CLI Version:   9.1.2
[debug] [2021-01-15T12:41:41.285Z] Platform:      darwin
[debug] [2021-01-15T12:41:41.285Z] Node Version:  v14.15.0
[debug] [2021-01-15T12:41:41.286Z] Time:          Fri Jan 15 2021 19:41:41 GMT+0700 (Western Indonesia Time)
[debug] [2021-01-15T12:41:41.286Z] ----------------------------------------------------------------------
[debug] [2021-01-15T12:41:41.286Z] 
[debug] [2021-01-15T12:41:41.294Z] > command requires scopes: ["email","openid","https://www.googleapis.com/auth/cloudplatformprojects.readonly","https://www.googleapis.com/auth/firebase","https://www.googleapis.com/auth/cloud-platform"]
[debug] [2021-01-15T12:41:41.294Z] > authorizing via signed-in user
[debug] [2021-01-15T12:41:41.294Z] [iam] checking project tidy-strand-301808 for permissions ["firebase.projects.get","firebasehosting.sites.update"]
[debug] [2021-01-15T12:41:41.296Z] > refreshing access token with scopes: ["email","https://www.googleapis.com/auth/cloud-platform","https://www.googleapis.com/auth/cloudplatformprojects.readonly","https://www.googleapis.com/auth/firebase","openid"]
[debug] [2021-01-15T12:41:41.297Z] >>> HTTP REQUEST POST https://www.googleapis.com/oauth2/v3/token  
 <request body omitted>
[debug] [2021-01-15T12:41:41.423Z] <<< HTTP RESPONSE 200 {"pragma":"no-cache","expires":"Mon, 01 Jan 1990 00:00:00 GMT","date":"Fri, 15 Jan 2021 12:41:41 GMT","cache-control":"no-cache, no-store, max-age=0, must-revalidate","content-type":"application/json; charset=utf-8","vary":"X-Origin, Referer, Origin,Accept-Encoding","server":"scaffolding on HTTPServer2","x-xss-protection":"0","x-frame-options":"SAMEORIGIN","x-content-type-options":"nosniff","alt-svc":"h3-29=\":443\"; ma=2592000,h3-T051=\":443\"; ma=2592000,h3-Q050=\":443\"; ma=2592000,h3-Q046=\":443\"; ma=2592000,h3-Q043=\":443\"; ma=2592000,quic=\":443\"; ma=2592000; v=\"46,43\"","accept-ranges":"none","transfer-encoding":"chunked"}
[debug] [2021-01-15T12:41:41.435Z] >>> HTTP REQUEST POST https://cloudresourcemanager.googleapis.com/v1/projects/tidy-strand-301808:testIamPermissions  
 {"permissions":["firebase.projects.get","firebasehosting.sites.update"]}
[debug] [2021-01-15T12:41:42.609Z] <<< HTTP RESPONSE 200 {"content-type":"application/json; charset=UTF-8","vary":"X-Origin, Referer, Origin,Accept-Encoding","date":"Fri, 15 Jan 2021 12:41:42 GMT","server":"ESF","cache-control":"private","x-xss-protection":"0","x-frame-options":"SAMEORIGIN","x-content-type-options":"nosniff","server-timing":"gfet4t7; dur=1031","alt-svc":"h3-29=\":443\"; ma=2592000,h3-T051=\":443\"; ma=2592000,h3-Q050=\":443\"; ma=2592000,h3-Q046=\":443\"; ma=2592000,h3-Q043=\":443\"; ma=2592000,quic=\":443\"; ma=2592000; v=\"46,43\"","accept-ranges":"none","transfer-encoding":"chunked"}
[debug] [2021-01-15T12:41:42.610Z] >>> HTTP REQUEST GET https://firebase.googleapis.com/v1beta1/projects/tidy-strand-301808  
 
[debug] [2021-01-15T12:42:12.615Z] Server Error. ETIMEDOUT
[debug] [2021-01-15T12:42:12.616Z] FirebaseError: Server Error. ETIMEDOUT
    at Request._callback (/usr/local/lib/node_modules/firebase-tools/lib/api.js:32:31)
    at self.callback (/usr/local/lib/node_modules/firebase-tools/node_modules/request/request.js:185:22)
    at Request.emit (events.js:315:20)
    at Request.EventEmitter.emit (domain.js:486:12)
    at Timeout.<anonymous> (/usr/local/lib/node_modules/firebase-tools/node_modules/request/request.js:851:16)
    at listOnTimeout (internal/timers.js:554:17)
    at processTimers (internal/timers.js:497:7)
[error] 
[error] Error: Failed to get Firebase project tidy-strand-301808. Please make sure the project exists and your account has permission to access it.
